<?xml version="1.0" encoding="UTF-8"?>
<!-- Generated by org.testng.reporters.JUnitReportReporter -->
<testsuite hostname="kalpesh16" failures="0" tests="4" name="Testng.PomSetup.EbaySetup" time="23.921" errors="0" timestamp="13 Jan 2022 16:30:37 GMT" skipped="0">
  <testcase classname="Testng.PomSetup.EbaySetup" name="navigate_to_homepage_click_on_SearchBar" time="3.614"/>
  <testcase classname="Testng.PomSetup.EbaySetup" name="electronicsPage" time="3.481"/>
  <testcase classname="Testng.PomSetup.EbaySetup" name="sellPage" time="4.248"/>
  <testcase classname="Testng.PomSetup.EbaySetup" name="sportsPage" time="12.578"/>
</testsuite> <!-- Testng.PomSetup.EbaySetup -->
