<?xml version="1.0" encoding="UTF-8"?>
<!-- Generated by org.testng.reporters.JUnitReportReporter -->
<testsuite hostname="kalpesh16" failures="0" tests="4" name="Testng.PomSetup.EbaySetup" time="19.822" errors="0" timestamp="01 Oct 2021 15:58:01 GMT" skipped="0">
  <testcase classname="Testng.PomSetup.EbaySetup" name="navigate_to_homepage_click_on_SearchBar" time="3.439"/>
  <testcase classname="Testng.PomSetup.EbaySetup" name="enter_userDetails" time="8.683"/>
  <testcase classname="Testng.PomSetup.EbaySetup" name="enter1_userDetails" time="3.891"/>
  <testcase classname="Testng.PomSetup.EbaySetup" name="enter2_userDetails" time="3.809"/>
</testsuite> <!-- Testng.PomSetup.EbaySetup -->
