<?xml version="1.0" encoding="UTF-8"?>
<!-- Generated by org.testng.reporters.JUnitReportReporter -->
<testsuite hostname="kalpesh16" failures="0" tests="4" name="Testng.PomSetup.EbaySetup" time="19.379" errors="0" timestamp="01 Oct 2021 16:08:16 GMT" skipped="0">
  <testcase classname="Testng.PomSetup.EbaySetup" name="navigate_to_homepage_click_on_SearchBar" time="3.364"/>
  <testcase classname="Testng.PomSetup.EbaySetup" name="enter_userDetails" time="8.450"/>
  <testcase classname="Testng.PomSetup.EbaySetup" name="enter1_userDetails" time="3.677"/>
  <testcase classname="Testng.PomSetup.EbaySetup" name="enter2_userDetails" time="3.888"/>
</testsuite> <!-- Testng.PomSetup.EbaySetup -->
