<?xml version="1.0" encoding="UTF-8"?>
<!-- Generated by org.testng.reporters.JUnitReportReporter -->
<testsuite hostname="kalpesh16" failures="0" tests="2" name="Testng.PomSetup.EbaySetup" time="7.836" errors="0" timestamp="13 Jan 2022 16:56:25 GMT" skipped="0">
  <testcase classname="Testng.PomSetup.EbaySetup" name="navigate_to_homepage_click_on_SearchBar" time="3.845"/>
  <testcase classname="Testng.PomSetup.EbaySetup" name="electronicsPage" time="3.991"/>
</testsuite> <!-- Testng.PomSetup.EbaySetup -->
